<?xml version="1.0" encoding="utf-8" ?>
<!DOCTYPE html PUBLIC "-//W3C//DTD XHTML 1.0 Strict//EN"
        "http://www.w3.org/TR/xhtml1/DTD/xhtml1-strict.dtd">
<html xmlns="http://www.w3.org/1999/xhtml" xml:lang="" lang="">
<head>
  <title>Test Results Report - all-tests [Chrome]</title>
  <meta http-equiv="Content-Type" content="text/html;charset=utf-8" />
  <meta name="description" content="TestNG unit test results." />
  <link href="reportng.css" rel="stylesheet" type="text/css" />
    <script type="text/javascript" src="reportng.js"></script>
</head>
<body>
<h1>all-tests [Chrome]</h1>
<p>
  Test duration: 37.527s
</p>



  <table class="resultsTable">
    <tr><th colspan="3" class="header failed">Failed Tests</th></tr>
          <tr>
        <td colspan="3" class="group">com.scenario_projects.lifeline_front_stage.tests.N_0001_LoginTest</td>
      </tr>
            
<tr>
  <td class="method">
                  loginTest
      </td>
  <td class="duration">
    16.895s
  </td>
  <td class="result">
        
    
            <div class="testOutput">
                        [14:16:29.346287] Navigate to https://lifeline-front-stage.scenario-projects.com/auth/login<br />
                                [14:16:29.757054] Navigated to: https://lifeline-front-stage.scenario-projects.com/auth/login<br />
                                [14:16:29.757414] ACTION: FILL IN EMAIL FIELD<br />
                                [14:16:29.757606] Search for element By.name: email<br />
                                [14:16:30.862479] Search for element By.name: email<br />
                                [14:16:30.887088] Found element input<br />
                                [14:16:30.891688] Change value of input: ovelmik@s-pro.io
<br />
                                [14:16:31.030943] Changed element input<br />
                                [14:16:31.031164] ACTION: FILL IN PASSWORD FIELD<br />
                                [14:16:31.031345] Search for element By.name: password<br />
                                [14:16:31.083957] Search for element By.name: password<br />
                                [14:16:31.109217] Found element input<br />
                                [14:16:31.115337] Change value of input: Qwerty123!
<br />
                                [14:16:31.204736] Changed element input<br />
                                [14:16:31.204867] ACTION: CLICK ON LOGIN BUTTON<br />
                                [14:16:31.204981] Search for element By.cssSelector: button[class='rectangular-button__wrappe  ']<br />
                                <a href="/home/user/IdeaProjects/com.scenario_projects.lifeline_front_stage/target/screenshots/com.scenario_projects.lifeline_front_stage.tests.N_0001_LoginTest-2019-04-02;14:16:46.png"><p align="left">Failed Screenshot from 2019-04-02 14:16:46</p>
                                <br> <a href='/home/user/IdeaProjects/com.scenario_projects.lifeline_front_stage/target/screenshots/com.scenario_projects.lifeline_front_stage.tests.N_0001_LoginTest-2019-04-02;14:16:46.png'> <img src='/home/user/IdeaProjects/com.scenario_projects.lifeline_front_stage/target/screenshots/com.scenario_projects.lifeline_front_stage.tests.N_0001_LoginTest-2019-04-02;14:16:46.png' height='600' width='1000'/> </a><br />
                  </div>
    

        <a href="javascript:toggleElement('exception-0', 'block')" title="Click to expand/collapse"><b>org.openqa.selenium.TimeoutException: Expected condition failed: waiting for element to be clickable: By.cssSelector: button[class=&apos;rectangular-button__wrappe&nbsp; &apos;] (tried for 10 second(s) with 500 milliseconds interval)</b></a><br />
    <div class="stackTrace" id="exception-0">
              org.openqa.selenium.support.ui.WebDriverWait.timeoutException(WebDriverWait.java:113)<br />
              org.openqa.selenium.support.ui.FluentWait.until(FluentWait.java:283)<br />
              com.scenario_projects.lifeline_front_stage.pages.BasePage.waitForClickable(BasePage.java:29)<br />
              com.scenario_projects.lifeline_front_stage.pages.LoginPage.clickLogInButton(LoginPage.java:34)<br />
              com.scenario_projects.lifeline_front_stage.actionHelpers.LoginHelper.login(LoginHelper.java:22)<br />
              com.scenario_projects.lifeline_front_stage.tests.N_0001_LoginTest.loginTest(N_0001_LoginTest.java:15)<br />
              java.base/jdk.internal.reflect.NativeMethodAccessorImpl.invoke0(Native Method)<br />
              java.base/jdk.internal.reflect.NativeMethodAccessorImpl.invoke(NativeMethodAccessorImpl.java:62)<br />
              java.base/jdk.internal.reflect.DelegatingMethodAccessorImpl.invoke(DelegatingMethodAccessorImpl.java:43)<br />
              java.base/java.lang.reflect.Method.invoke(Method.java:564)<br />
              org.testng.internal.MethodInvocationHelper.invokeMethod(MethodInvocationHelper.java:124)<br />
              org.testng.internal.Invoker.invokeMethod(Invoker.java:583)<br />
              org.testng.internal.Invoker.retryFailed(Invoker.java:839)<br />
              org.testng.internal.Invoker.invokeTestMethods(Invoker.java:1010)<br />
              org.testng.internal.TestMethodWorker.invokeTestMethods(TestMethodWorker.java:125)<br />
              org.testng.internal.TestMethodWorker.run(TestMethodWorker.java:109)<br />
              org.testng.TestRunner.privateRun(TestRunner.java:648)<br />
              org.testng.TestRunner.run(TestRunner.java:505)<br />
              org.testng.SuiteRunner.runTest(SuiteRunner.java:455)<br />
              org.testng.SuiteRunner.runSequentially(SuiteRunner.java:450)<br />
              org.testng.SuiteRunner.privateRun(SuiteRunner.java:415)<br />
              org.testng.SuiteRunner.run(SuiteRunner.java:364)<br />
              org.testng.SuiteRunnerWorker.runSuite(SuiteRunnerWorker.java:52)<br />
              org.testng.SuiteRunnerWorker.run(SuiteRunnerWorker.java:84)<br />
              org.testng.TestNG.runSuitesSequentially(TestNG.java:1208)<br />
              org.testng.TestNG.runSuitesLocally(TestNG.java:1137)<br />
              org.testng.TestNG.runSuites(TestNG.java:1049)<br />
              org.testng.TestNG.run(TestNG.java:1017)<br />
              org.apache.maven.surefire.testng.TestNGExecutor.run(TestNGExecutor.java:283)<br />
              org.apache.maven.surefire.testng.TestNGXmlTestSuite.execute(TestNGXmlTestSuite.java:75)<br />
              org.apache.maven.surefire.testng.TestNGProvider.invoke(TestNGProvider.java:120)<br />
              org.apache.maven.surefire.booter.ForkedBooter.invokeProviderInSameClassLoader(ForkedBooter.java:384)<br />
              org.apache.maven.surefire.booter.ForkedBooter.runSuitesInProcess(ForkedBooter.java:345)<br />
              org.apache.maven.surefire.booter.ForkedBooter.execute(ForkedBooter.java:126)<br />
              org.apache.maven.surefire.booter.ForkedBooter.main(ForkedBooter.java:418)<br />
                    <b>Caused by: </b> <a href="javascript:toggleElement('exception-1', 'block')" title="Click to expand/collapse">org.openqa.selenium.NoSuchElementException: Cannot locate an element using By.cssSelector: button[class=&apos;rectangular-button__wrappe&nbsp; &apos;]<br/>
For documentation on this error, please visit: http://seleniumhq.org/exceptions/no_such_element.html<br/>
Build info: version: &apos;3.14.0&apos;, revision: &apos;aacccce0&apos;, time: &apos;2018-08-02T20:19:58.91Z&apos;<br/>
System info: host: &apos;user-System-Product-Name&apos;, ip: &apos;127.0.1.1&apos;, os.name: &apos;Linux&apos;, os.arch: &apos;amd64&apos;, os.version: &apos;4.15.0-46-generic&apos;, java.version: &apos;10.0.2&apos;<br/>
Driver info: driver.version: unknown</a><br />
        <div class="stackTrace" id="exception-1">
                      org.openqa.selenium.support.ui.ExpectedConditions.lambda$findElement$0(ExpectedConditions.java:896)<br />
                      java.base/java.util.Optional.orElseThrow(Optional.java:397)<br />
                      org.openqa.selenium.support.ui.ExpectedConditions.findElement(ExpectedConditions.java:895)<br />
                      org.openqa.selenium.support.ui.ExpectedConditions.access$000(ExpectedConditions.java:44)<br />
                      org.openqa.selenium.support.ui.ExpectedConditions$7.apply(ExpectedConditions.java:206)<br />
                      org.openqa.selenium.support.ui.ExpectedConditions$7.apply(ExpectedConditions.java:202)<br />
                      org.openqa.selenium.support.ui.ExpectedConditions$22.apply(ExpectedConditions.java:657)<br />
                      org.openqa.selenium.support.ui.ExpectedConditions$22.apply(ExpectedConditions.java:654)<br />
                      org.openqa.selenium.support.ui.FluentWait.until(FluentWait.java:260)<br />
                      com.scenario_projects.lifeline_front_stage.pages.BasePage.waitForClickable(BasePage.java:29)<br />
                      com.scenario_projects.lifeline_front_stage.pages.LoginPage.clickLogInButton(LoginPage.java:34)<br />
                      com.scenario_projects.lifeline_front_stage.actionHelpers.LoginHelper.login(LoginHelper.java:22)<br />
                      com.scenario_projects.lifeline_front_stage.tests.N_0001_LoginTest.loginTest(N_0001_LoginTest.java:15)<br />
                      java.base/jdk.internal.reflect.NativeMethodAccessorImpl.invoke0(Native Method)<br />
                      java.base/jdk.internal.reflect.NativeMethodAccessorImpl.invoke(NativeMethodAccessorImpl.java:62)<br />
                      java.base/jdk.internal.reflect.DelegatingMethodAccessorImpl.invoke(DelegatingMethodAccessorImpl.java:43)<br />
                      java.base/java.lang.reflect.Method.invoke(Method.java:564)<br />
                      org.testng.internal.MethodInvocationHelper.invokeMethod(MethodInvocationHelper.java:124)<br />
                      org.testng.internal.Invoker.invokeMethod(Invoker.java:583)<br />
                      org.testng.internal.Invoker.retryFailed(Invoker.java:839)<br />
                      org.testng.internal.Invoker.invokeTestMethods(Invoker.java:1010)<br />
                      org.testng.internal.TestMethodWorker.invokeTestMethods(TestMethodWorker.java:125)<br />
                      org.testng.internal.TestMethodWorker.run(TestMethodWorker.java:109)<br />
                      org.testng.TestRunner.privateRun(TestRunner.java:648)<br />
                      org.testng.TestRunner.run(TestRunner.java:505)<br />
                      org.testng.SuiteRunner.runTest(SuiteRunner.java:455)<br />
                      org.testng.SuiteRunner.runSequentially(SuiteRunner.java:450)<br />
                      org.testng.SuiteRunner.privateRun(SuiteRunner.java:415)<br />
                      org.testng.SuiteRunner.run(SuiteRunner.java:364)<br />
                      org.testng.SuiteRunnerWorker.runSuite(SuiteRunnerWorker.java:52)<br />
                      org.testng.SuiteRunnerWorker.run(SuiteRunnerWorker.java:84)<br />
                      org.testng.TestNG.runSuitesSequentially(TestNG.java:1208)<br />
                      org.testng.TestNG.runSuitesLocally(TestNG.java:1137)<br />
                      org.testng.TestNG.runSuites(TestNG.java:1049)<br />
                      org.testng.TestNG.run(TestNG.java:1017)<br />
                      org.apache.maven.surefire.testng.TestNGExecutor.run(TestNGExecutor.java:283)<br />
                      org.apache.maven.surefire.testng.TestNGXmlTestSuite.execute(TestNGXmlTestSuite.java:75)<br />
                      org.apache.maven.surefire.testng.TestNGProvider.invoke(TestNGProvider.java:120)<br />
                      org.apache.maven.surefire.booter.ForkedBooter.invokeProviderInSameClassLoader(ForkedBooter.java:384)<br />
                      org.apache.maven.surefire.booter.ForkedBooter.runSuitesInProcess(ForkedBooter.java:345)<br />
                      org.apache.maven.surefire.booter.ForkedBooter.execute(ForkedBooter.java:126)<br />
                      org.apache.maven.surefire.booter.ForkedBooter.main(ForkedBooter.java:418)<br />
                  </div>
          </div>
      </td>
</tr>
      </table>

  <table class="resultsTable" width="100%">
    <tr><th colspan="3" class="header skipped">Skipped Tests</th></tr>
          <tr>
        <td colspan="3" class="group">com.scenario_projects.lifeline_front_stage.tests.N_0001_LoginTest</td>
      </tr>
            
<tr>
  <td class="method">
                  loginTest
      </td>
  <td class="duration">
    18.635s
  </td>
  <td class="result">
                               
    
            <div class="testOutput">
                        [14:16:10.711798] Navigate to https://lifeline-front-stage.scenario-projects.com/auth/login<br />
                                [14:16:12.445303] Navigated to: https://lifeline-front-stage.scenario-projects.com/auth/login<br />
                                [14:16:12.446437] ACTION: FILL IN EMAIL FIELD<br />
                                [14:16:12.451411] Search for element By.name: email<br />
                                [14:16:13.627598] Search for element By.name: email<br />
                                [14:16:13.674199] Found element input<br />
                                [14:16:13.682521] Change value of input: ovelmik@s-pro.io
<br />
                                [14:16:13.890171] Changed element input<br />
                                [14:16:13.890412] ACTION: FILL IN PASSWORD FIELD<br />
                                [14:16:13.890626] Search for element By.name: password<br />
                                [14:16:14.071915] Search for element By.name: password<br />
                                [14:16:14.105087] Found element input<br />
                                [14:16:14.112697] Change value of input: Qwerty123!
<br />
                                [14:16:14.309431] Changed element input<br />
                                [14:16:14.309717] ACTION: CLICK ON LOGIN BUTTON<br />
                                [14:16:14.309955] Search for element By.cssSelector: button[class='rectangular-button__wrappe  ']<br />
                  </div>
    

      </td>
</tr>
      </table>

  
</body>
</html>
