<?xml version="1.0" encoding="UTF-8"?>
<testsuite name="all-tests [Chrome]"
           tests="2"
           failures="1"
           errors="0"
           skipped="1"
           time="35.530">
  <properties />
            <testcase name="loginTest" time="16.895" classname="com.scenario_projects.lifeline_front_stage.tests.N_0001_LoginTest">
                <failure type="org.openqa.selenium.TimeoutException"
                  message="Expected condition failed: waiting for element to be clickable: By.cssSelector: button[class=&apos;rectangular-button__wrappe  &apos;] (tried for 10 second(s) with 500 milliseconds interval)"
              >
<![CDATA[org.openqa.selenium.TimeoutException: Expected condition failed: waiting for element to be clickable: By.cssSelector: button[class='rectangular-button__wrappe  '] (tried for 10 second(s) with 500 milliseconds interval)
  org.openqa.selenium.support.ui.WebDriverWait.timeoutException(WebDriverWait.java:113)
  org.openqa.selenium.support.ui.FluentWait.until(FluentWait.java:283)
  com.scenario_projects.lifeline_front_stage.pages.BasePage.waitForClickable(BasePage.java:29)
  com.scenario_projects.lifeline_front_stage.pages.LoginPage.clickLogInButton(LoginPage.java:34)
  com.scenario_projects.lifeline_front_stage.actionHelpers.LoginHelper.login(LoginHelper.java:22)
  com.scenario_projects.lifeline_front_stage.tests.N_0001_LoginTest.loginTest(N_0001_LoginTest.java:15)
  java.base/jdk.internal.reflect.NativeMethodAccessorImpl.invoke0(Native Method)
  java.base/jdk.internal.reflect.NativeMethodAccessorImpl.invoke(NativeMethodAccessorImpl.java:62)
  java.base/jdk.internal.reflect.DelegatingMethodAccessorImpl.invoke(DelegatingMethodAccessorImpl.java:43)
  java.base/java.lang.reflect.Method.invoke(Method.java:564)
  org.testng.internal.MethodInvocationHelper.invokeMethod(MethodInvocationHelper.java:124)
  org.testng.internal.Invoker.invokeMethod(Invoker.java:583)
  org.testng.internal.Invoker.retryFailed(Invoker.java:839)
  org.testng.internal.Invoker.invokeTestMethods(Invoker.java:1010)
  org.testng.internal.TestMethodWorker.invokeTestMethods(TestMethodWorker.java:125)
  org.testng.internal.TestMethodWorker.run(TestMethodWorker.java:109)
  org.testng.TestRunner.privateRun(TestRunner.java:648)
  org.testng.TestRunner.run(TestRunner.java:505)
  org.testng.SuiteRunner.runTest(SuiteRunner.java:455)
  org.testng.SuiteRunner.runSequentially(SuiteRunner.java:450)
  org.testng.SuiteRunner.privateRun(SuiteRunner.java:415)
  org.testng.SuiteRunner.run(SuiteRunner.java:364)
  org.testng.SuiteRunnerWorker.runSuite(SuiteRunnerWorker.java:52)
  org.testng.SuiteRunnerWorker.run(SuiteRunnerWorker.java:84)
  org.testng.TestNG.runSuitesSequentially(TestNG.java:1208)
  org.testng.TestNG.runSuitesLocally(TestNG.java:1137)
  org.testng.TestNG.runSuites(TestNG.java:1049)
  org.testng.TestNG.run(TestNG.java:1017)
  org.apache.maven.surefire.testng.TestNGExecutor.run(TestNGExecutor.java:283)
  org.apache.maven.surefire.testng.TestNGXmlTestSuite.execute(TestNGXmlTestSuite.java:75)
  org.apache.maven.surefire.testng.TestNGProvider.invoke(TestNGProvider.java:120)
  org.apache.maven.surefire.booter.ForkedBooter.invokeProviderInSameClassLoader(ForkedBooter.java:384)
  org.apache.maven.surefire.booter.ForkedBooter.runSuitesInProcess(ForkedBooter.java:345)
  org.apache.maven.surefire.booter.ForkedBooter.execute(ForkedBooter.java:126)
  org.apache.maven.surefire.booter.ForkedBooter.main(ForkedBooter.java:418)
Caused by: org.openqa.selenium.NoSuchElementException: Cannot locate an element using By.cssSelector: button[class='rectangular-button__wrappe  ']
For documentation on this error, please visit: http://seleniumhq.org/exceptions/no_such_element.html
Build info: version: '3.14.0', revision: 'aacccce0', time: '2018-08-02T20:19:58.91Z'
System info: host: 'user-System-Product-Name', ip: '127.0.1.1', os.name: 'Linux', os.arch: 'amd64', os.version: '4.15.0-46-generic', java.version: '10.0.2'
Driver info: driver.version: unknown
  org.openqa.selenium.support.ui.ExpectedConditions.lambda$findElement$0(ExpectedConditions.java:896)
  java.base/java.util.Optional.orElseThrow(Optional.java:397)
  org.openqa.selenium.support.ui.ExpectedConditions.findElement(ExpectedConditions.java:895)
  org.openqa.selenium.support.ui.ExpectedConditions.access$000(ExpectedConditions.java:44)
  org.openqa.selenium.support.ui.ExpectedConditions$7.apply(ExpectedConditions.java:206)
  org.openqa.selenium.support.ui.ExpectedConditions$7.apply(ExpectedConditions.java:202)
  org.openqa.selenium.support.ui.ExpectedConditions$22.apply(ExpectedConditions.java:657)
  org.openqa.selenium.support.ui.ExpectedConditions$22.apply(ExpectedConditions.java:654)
  org.openqa.selenium.support.ui.FluentWait.until(FluentWait.java:260)
  com.scenario_projects.lifeline_front_stage.pages.BasePage.waitForClickable(BasePage.java:29)
  com.scenario_projects.lifeline_front_stage.pages.LoginPage.clickLogInButton(LoginPage.java:34)
  com.scenario_projects.lifeline_front_stage.actionHelpers.LoginHelper.login(LoginHelper.java:22)
  com.scenario_projects.lifeline_front_stage.tests.N_0001_LoginTest.loginTest(N_0001_LoginTest.java:15)
  java.base/jdk.internal.reflect.NativeMethodAccessorImpl.invoke0(Native Method)
  java.base/jdk.internal.reflect.NativeMethodAccessorImpl.invoke(NativeMethodAccessorImpl.java:62)
  java.base/jdk.internal.reflect.DelegatingMethodAccessorImpl.invoke(DelegatingMethodAccessorImpl.java:43)
  java.base/java.lang.reflect.Method.invoke(Method.java:564)
  org.testng.internal.MethodInvocationHelper.invokeMethod(MethodInvocationHelper.java:124)
  org.testng.internal.Invoker.invokeMethod(Invoker.java:583)
  org.testng.internal.Invoker.retryFailed(Invoker.java:839)
  org.testng.internal.Invoker.invokeTestMethods(Invoker.java:1010)
  org.testng.internal.TestMethodWorker.invokeTestMethods(TestMethodWorker.java:125)
  org.testng.internal.TestMethodWorker.run(TestMethodWorker.java:109)
  org.testng.TestRunner.privateRun(TestRunner.java:648)
  org.testng.TestRunner.run(TestRunner.java:505)
  org.testng.SuiteRunner.runTest(SuiteRunner.java:455)
  org.testng.SuiteRunner.runSequentially(SuiteRunner.java:450)
  org.testng.SuiteRunner.privateRun(SuiteRunner.java:415)
  org.testng.SuiteRunner.run(SuiteRunner.java:364)
  org.testng.SuiteRunnerWorker.runSuite(SuiteRunnerWorker.java:52)
  org.testng.SuiteRunnerWorker.run(SuiteRunnerWorker.java:84)
  org.testng.TestNG.runSuitesSequentially(TestNG.java:1208)
  org.testng.TestNG.runSuitesLocally(TestNG.java:1137)
  org.testng.TestNG.runSuites(TestNG.java:1049)
  org.testng.TestNG.run(TestNG.java:1017)
  org.apache.maven.surefire.testng.TestNGExecutor.run(TestNGExecutor.java:283)
  org.apache.maven.surefire.testng.TestNGXmlTestSuite.execute(TestNGXmlTestSuite.java:75)
  org.apache.maven.surefire.testng.TestNGProvider.invoke(TestNGProvider.java:120)
  org.apache.maven.surefire.booter.ForkedBooter.invokeProviderInSameClassLoader(ForkedBooter.java:384)
  org.apache.maven.surefire.booter.ForkedBooter.runSuitesInProcess(ForkedBooter.java:345)
  org.apache.maven.surefire.booter.ForkedBooter.execute(ForkedBooter.java:126)
  org.apache.maven.surefire.booter.ForkedBooter.main(ForkedBooter.java:418)
]]>
      </failure>

          </testcase>
  
            <testcase name="loginTest" time="0.0" classname="com.scenario_projects.lifeline_front_stage.tests.N_0001_LoginTest">
          <skipped />
    </testcase>
  
  
</testsuite>
